<?xml version="1.0" encoding="UTF-8"?>
<!-- Generated by org.testng.reporters.JUnitXMLReporter -->
<testsuite ignored="0" hostname="Acer" failures="1" tests="2" name="Tests" time="11.864" errors="0" timestamp="2024-01-16T20:24:06 EET">
  <testcase classname="tests_group_2.ThreeTest" name="testThree" time="4.156">
    <failure type="java.lang.AssertionError" message="expected [true] but found [false]">
      <![CDATA[java.lang.AssertionError: expected [true] but found [false]
at tests_group_2.ThreeTest.testThree(ThreeTest.java:34)
at java.base/java.util.ArrayList.forEach(ArrayList.java:1511)
... Removed 31 stack frames]]>
    </failure>
  </testcase> <!-- testThree -->
  <testcase classname="tests_group_2.TwoTest" name="testTwo" time="2.946"/>
</testsuite> <!-- Tests -->
